[12:46:46] [main/INFO]: Loading Minecraft 1.20.2 with Fabric Loader 0.15.6
[12:46:46] [main/INFO]: Fabric is preparing JARs on first launch, this may take a few seconds...
[12:46:46] [main/INFO]: Loading 53 mods:
	- fabric-api 0.91.6+1.20.2
	   |-- fabric-api-base 0.4.33+fce67b32a0
	   |-- fabric-api-lookup-api-v1 1.6.43+b1792f7da0
	   |-- fabric-biome-api-v1 13.0.14+b1792f7da0
	   |-- fabric-block-api-v1 1.0.12+73761d2ea0
	   |-- fabric-block-view-api-v2 1.0.1+73761d2ea0
	   |-- fabric-blockrenderlayer-v1 1.1.43+f4b7e424a0
	   |-- fabric-client-tags-api-v1 1.1.4+86b12645a0
	   |-- fabric-command-api-v1 1.2.37+f71b366fa0
	   |-- fabric-command-api-v2 2.2.16+b1792f7da0
	   |-- fabric-commands-v0 0.2.54+df3654b3a0
	   |-- fabric-containers-v0 0.1.81+df3654b3a0
	   |-- fabric-content-registries-v0 5.0.6+b1792f7da0
	   |-- fabric-convention-tags-v1 1.5.8+b1792f7da0
	   |-- fabric-crash-report-info-v1 0.2.20+f4b7e424a0
	   |-- fabric-data-generation-api-v1 13.1.11+b1792f7da0
	   |-- fabric-dimensions-v1 2.1.57+b1792f7da0
	   |-- fabric-entity-events-v1 1.5.26+b1792f7da0
	   |-- fabric-events-interaction-v0 0.6.10+b1792f7da0
	   |-- fabric-events-lifecycle-v0 0.2.70+df3654b3a0
	   |-- fabric-game-rule-api-v1 1.0.42+a44e16a6a0
	   |-- fabric-item-api-v1 2.1.33+b1792f7da0
	   |-- fabric-item-group-api-v1 4.0.15+e3d2bf3fa0
	   |-- fabric-key-binding-api-v1 1.0.38+f4b7e424a0
	   |-- fabric-keybindings-v0 0.2.36+df3654b3a0
	   |-- fabric-lifecycle-events-v1 2.2.28+c8b10480a0
	   |-- fabric-loot-api-v2 2.1.1+3ba460fba0
	   |-- fabric-message-api-v1 6.0.2+e3d2bf3fa0
	   |-- fabric-mining-level-api-v1 2.1.56+f4b7e424a0
	   |-- fabric-model-loading-api-v1 1.0.6+b1792f7da0
	   |-- fabric-models-v0 0.4.5+9386d8a7a0
	   |-- fabric-networking-api-v1 3.1.5+f4be560ba0
	   |-- fabric-object-builder-api-v1 12.1.2+2ff98d3ba0
	   |-- fabric-particles-v1 1.1.4+f4b7e424a0
	   |-- fabric-recipe-api-v1 2.0.14+52b3ebe5a0
	   |-- fabric-registry-sync-v0 4.0.12+b1792f7da0
	   |-- fabric-renderer-api-v1 3.2.1+2034447ca0
	   |-- fabric-renderer-indigo 1.5.1+2034447ca0
	   |-- fabric-renderer-registries-v1 3.2.49+df3654b3a0
	   |-- fabric-rendering-data-attachment-v1 0.3.39+73761d2ea0
	   |-- fabric-rendering-fluids-v1 3.0.30+f4b7e424a0
	   |-- fabric-rendering-v0 1.1.52+df3654b3a0
	   |-- fabric-rendering-v1 3.0.11+b1792f7da0
	   |-- fabric-resource-conditions-api-v1 2.3.11+239dafd8a0
	   |-- fabric-resource-loader-v0 0.11.12+b1792f7da0
	   |-- fabric-screen-api-v1 2.0.12+b1792f7da0
	   |-- fabric-screen-handler-api-v1 1.3.47+b1792f7da0
	   |-- fabric-sound-api-v1 1.0.14+f4b7e424a0
	   |-- fabric-transfer-api-v1 3.3.13+4944b5a5a0
	   \-- fabric-transitive-access-wideners-v1 5.0.3+fce67b32a0
	- fabricloader 0.15.6
	   \-- mixinextras 0.3.2
	- java 17
	- minecraft 1.20.2
	- origins 1.12.3
	   |-- apoli 2.11.4
	   |    |-- additionalentityattributes 1.5.0+1.20.2
	   |    |-- calio 1.13.0
	   |    |    |-- org_quiltmc_parsers_gson 0.2.1
	   |    |    \-- org_quiltmc_parsers_json 0.2.1
	   |    |-- cardinal-components-base 5.3.0
	   |    |-- cardinal-components-entity 5.3.0
	   |    |-- cloth-config 12.0.109
	   |    |    \-- cloth-basic-math 0.6.1
	   |    \-- playerabilitylib 1.9.0
	   \-- reach-entity-attributes 2.4.0
[12:46:46] [main/INFO]: SpongePowered MIXIN Subsystem Version=0.8.5 Source=file:/home/shiara/Documents/chardcore/libraries/net/fabricmc/sponge-mixin/0.12.5+mixin.0.8.5/sponge-mixin-0.12.5+mixin.0.8.5.jar Service=Knot/Fabric Env=SERVER
[12:46:46] [main/INFO]: Compatibility level set to JAVA_17
[12:46:47] [main/INFO]: Initializing MixinExtras via com.llamalad7.mixinextras.service.MixinExtrasServiceImpl(version=0.3.2).
[12:46:56] [main/INFO]: Apoli 2.11.4 has initialized. Ready to power up your game!
[12:46:56] [main/INFO]: Origins 1.12.3 is initializing. Have fun!
[12:46:56] [main/INFO]: Environment: Environment[accountsHost=https://api.mojang.com, sessionHost=https://sessionserver.mojang.com, servicesHost=https://api.minecraftservices.com, name=PROD]
[12:46:57] [main/INFO]: Found new data pack fabric, loading it automatically
[12:46:58] [main/INFO]: Loaded 7 recipes
[12:46:59] [main/INFO]: Loaded 1273 advancements
[12:46:59] [main/INFO]: Finished loading powers from data files. Registry contains 76 powers.
[12:46:59] [main/INFO]: Finished loading origins from data files. Registry contains 11 origins.
[12:46:59] [main/INFO]: Loading origin layer from data files...
[12:46:59] [main/INFO]: Trying to read origin layer file "origins:origin" from data pack [origins]
[12:46:59] [main/INFO]: Finished loading origin layers. Merging similar origin layers...
[12:46:59] [main/INFO]: Finished merging similar origin layers from data files. Read 1 origin layers.
[12:46:59] [main/INFO]: Finished loading global power sets. Merging similar global power sets...
[12:46:59] [main/INFO]: Finished merging similar global power sets from data files. Loaded 0 global power sets.
[12:46:59] [main/INFO]: Applied 0 biome modifications to 0 of 64 new biomes in 2.311 ms
[12:46:59] [Server thread/INFO]: Starting minecraft server version 1.20.2
[12:46:59] [Server thread/INFO]: Loading properties
[12:46:59] [Server thread/INFO]: Default game type: SURVIVAL
[12:46:59] [Server thread/INFO]: Generating keypair
[12:47:00] [Server thread/INFO]: Starting Minecraft server on *:25565
[12:47:00] [Server thread/INFO]: Using epoll channel type
[12:47:00] [Server thread/INFO]: Preparing level "world"
[12:47:02] [Server thread/INFO]: Preparing start region for dimension minecraft:overworld
